<?xml version="1.0" encoding="UTF-8"?>
<testng-results ignored="0" total="10" passed="6" failed="3" skipped="1">
  <reporter-output>
  </reporter-output>
  <suite started-at="2020-12-28T22:09:28 IST" name="Suite" finished-at="2020-12-28T22:09:38 IST" duration-ms="9883">
    <groups>
      <group name="regression">
        <method signature="GetBookingTest.getBooKingIdsTest()[pri:0, instance:com.restful.booker.tests.GetBookingTest@47605f2f]" name="getBooKingIdsTest" class="com.restful.booker.tests.GetBookingTest"/>
        <method signature="GetBookingTest.getBooKingInvalidIDTest()[pri:0, instance:com.restful.booker.tests.GetBookingTest@47605f2f]" name="getBooKingInvalidIDTest" class="com.restful.booker.tests.GetBookingTest"/>
        <method signature="GetBookingTest.getBooKingTest()[pri:0, instance:com.restful.booker.tests.GetBookingTest@47605f2f]" name="getBooKingTest" class="com.restful.booker.tests.GetBookingTest"/>
        <method signature="ManageBookingTest.patchBookingTest(org.json.simple.JSONObject)[pri:0, instance:com.restful.booker.tests.ManageBookingTest@3829ac1]" name="patchBookingTest" class="com.restful.booker.tests.ManageBookingTest"/>
        <method signature="ManageBookingTest.updateBookingTest(org.json.simple.JSONObject)[pri:0, instance:com.restful.booker.tests.ManageBookingTest@3829ac1]" name="updateBookingTest" class="com.restful.booker.tests.ManageBookingTest"/>
        <method signature="ManageBookingTest.deleteBookingTest(org.json.simple.JSONObject)[pri:0, instance:com.restful.booker.tests.ManageBookingTest@3829ac1]" name="deleteBookingTest" class="com.restful.booker.tests.ManageBookingTest"/>
        <method signature="ManageBookingTest.createBookingTest(org.json.simple.JSONObject)[pri:0, instance:com.restful.booker.tests.ManageBookingTest@3829ac1]" name="createBookingTest" class="com.restful.booker.tests.ManageBookingTest"/>
      </group> <!-- regression -->
      <group name="sanity">
        <method signature="GetBookingTest.getBooKingIdsTest()[pri:0, instance:com.restful.booker.tests.GetBookingTest@47605f2f]" name="getBooKingIdsTest" class="com.restful.booker.tests.GetBookingTest"/>
        <method signature="GetBookingTest.getBooKingTest()[pri:0, instance:com.restful.booker.tests.GetBookingTest@47605f2f]" name="getBooKingTest" class="com.restful.booker.tests.GetBookingTest"/>
        <method signature="ManageBookingTest.patchBookingTest(org.json.simple.JSONObject)[pri:0, instance:com.restful.booker.tests.ManageBookingTest@3829ac1]" name="patchBookingTest" class="com.restful.booker.tests.ManageBookingTest"/>
        <method signature="ManageBookingTest.updateBookingTest(org.json.simple.JSONObject)[pri:0, instance:com.restful.booker.tests.ManageBookingTest@3829ac1]" name="updateBookingTest" class="com.restful.booker.tests.ManageBookingTest"/>
        <method signature="ManageBookingTest.deleteBookingTest(org.json.simple.JSONObject)[pri:0, instance:com.restful.booker.tests.ManageBookingTest@3829ac1]" name="deleteBookingTest" class="com.restful.booker.tests.ManageBookingTest"/>
        <method signature="ManageBookingTest.createBookingTest(org.json.simple.JSONObject)[pri:0, instance:com.restful.booker.tests.ManageBookingTest@3829ac1]" name="createBookingTest" class="com.restful.booker.tests.ManageBookingTest"/>
      </group> <!-- sanity -->
    </groups>
    <test started-at="2020-12-28T22:09:28 IST" name="getbooking" finished-at="2020-12-28T22:09:35 IST" duration-ms="6832">
      <class name="com.restful.booker.tests.GetBookingTest">
        <test-method is-config="true" signature="testSetup()[pri:0, instance:com.restful.booker.tests.GetBookingTest@47605f2f]" started-at="2020-12-28T22:09:28 IST" name="testSetup" finished-at="2020-12-28T22:09:32 IST" duration-ms="4132" status="PASS">
          <reporter-output>
          </reporter-output>
        </test-method> <!-- testSetup -->
        <test-method signature="getBooKingIdsTest()[pri:0, instance:com.restful.booker.tests.GetBookingTest@47605f2f]" started-at="2020-12-28T22:09:32 IST" name="getBooKingIdsTest" finished-at="2020-12-28T22:09:34 IST" duration-ms="1825" status="PASS">
          <reporter-output>
          </reporter-output>
        </test-method> <!-- getBooKingIdsTest -->
        <test-method signature="getBooKingInvalidIDTest()[pri:0, instance:com.restful.booker.tests.GetBookingTest@47605f2f]" started-at="2020-12-28T22:09:34 IST" name="getBooKingInvalidIDTest" finished-at="2020-12-28T22:09:34 IST" duration-ms="379" status="PASS">
          <reporter-output>
          </reporter-output>
        </test-method> <!-- getBooKingInvalidIDTest -->
        <test-method signature="getBooKingTest()[pri:0, instance:com.restful.booker.tests.GetBookingTest@47605f2f]" started-at="2020-12-28T22:09:34 IST" name="getBooKingTest" finished-at="2020-12-28T22:09:35 IST" duration-ms="395" status="FAIL">
          <exception class="java.lang.AssertionError">
            <message>
              <![CDATA[ The API status code does not match expected expected [200] but found [404]]]>
            </message>
            <full-stacktrace>
              <![CDATA[java.lang.AssertionError:  The API status code does not match expected expected [200] but found [404]
at org.testng.Assert.fail(Assert.java:97)
at org.testng.Assert.assertEqualsImpl(Assert.java:136)
at org.testng.Assert.assertEquals(Assert.java:118)
at org.testng.Assert.assertEquals(Assert.java:839)
at com.restful.booker.tests.GetBookingTest.getBooKingTest(GetBookingTest.java:43)
at java.base/jdk.internal.reflect.NativeMethodAccessorImpl.invoke0(Native Method)
at java.base/jdk.internal.reflect.NativeMethodAccessorImpl.invoke(NativeMethodAccessorImpl.java:62)
at java.base/jdk.internal.reflect.DelegatingMethodAccessorImpl.invoke(DelegatingMethodAccessorImpl.java:43)
at java.base/java.lang.reflect.Method.invoke(Method.java:567)
at org.testng.internal.MethodInvocationHelper.invokeMethod(MethodInvocationHelper.java:133)
at org.testng.internal.TestInvoker.invokeMethod(TestInvoker.java:584)
at org.testng.internal.TestInvoker.invokeTestMethod(TestInvoker.java:172)
at org.testng.internal.MethodRunner.runInSequence(MethodRunner.java:46)
at org.testng.internal.TestInvoker$MethodInvocationAgent.invoke(TestInvoker.java:804)
at org.testng.internal.TestInvoker.invokeTestMethods(TestInvoker.java:145)
at org.testng.internal.TestMethodWorker.invokeTestMethods(TestMethodWorker.java:146)
at org.testng.internal.TestMethodWorker.run(TestMethodWorker.java:128)
at java.base/java.util.ArrayList.forEach(ArrayList.java:1507)
at org.testng.TestRunner.privateRun(TestRunner.java:770)
at org.testng.TestRunner.run(TestRunner.java:591)
at org.testng.SuiteRunner.runTest(SuiteRunner.java:402)
at org.testng.SuiteRunner.runSequentially(SuiteRunner.java:396)
at org.testng.SuiteRunner.privateRun(SuiteRunner.java:355)
at org.testng.SuiteRunner.run(SuiteRunner.java:304)
at org.testng.SuiteRunnerWorker.runSuite(SuiteRunnerWorker.java:53)
at org.testng.SuiteRunnerWorker.run(SuiteRunnerWorker.java:96)
at org.testng.TestNG.runSuitesSequentially(TestNG.java:1180)
at org.testng.TestNG.runSuitesLocally(TestNG.java:1102)
at org.testng.TestNG.runSuites(TestNG.java:1032)
at org.testng.TestNG.run(TestNG.java:1000)
at org.testng.remote.AbstractRemoteTestNG.run(AbstractRemoteTestNG.java:115)
at org.testng.remote.RemoteTestNG.initAndRun(RemoteTestNG.java:251)
at org.testng.remote.RemoteTestNG.main(RemoteTestNG.java:77)
]]>
            </full-stacktrace>
          </exception> <!-- java.lang.AssertionError -->
          <reporter-output>
          </reporter-output>
        </test-method> <!-- getBooKingTest -->
      </class> <!-- com.restful.booker.tests.GetBookingTest -->
    </test> <!-- getbooking -->
    <test started-at="2020-12-28T22:09:35 IST" name="managebooking" finished-at="2020-12-28T22:09:38 IST" duration-ms="2453">
      <class name="com.restful.booker.tests.ManageBookingTest">
        <test-method is-config="true" signature="testSetup()[pri:0, instance:com.restful.booker.tests.ManageBookingTest@3829ac1]" started-at="2020-12-28T22:09:35 IST" name="testSetup" finished-at="2020-12-28T22:09:35 IST" duration-ms="0" status="PASS">
          <reporter-output>
          </reporter-output>
        </test-method> <!-- testSetup -->
        <test-method signature="patchBookingTest(org.json.simple.JSONObject)[pri:0, instance:com.restful.booker.tests.ManageBookingTest@3829ac1]" started-at="2020-12-28T22:09:35 IST" name="patchBookingTest" data-provider="userProvider" finished-at="2020-12-28T22:09:36 IST" duration-ms="370" status="FAIL">
          <params>
            <param index="0">
              <value>
                <![CDATA[{"firstname":"Kevin","additionalneeds":"Lunch","checkin":"2019-01-21","totalprice":200,"depositpaid":true,"testname":"FirstUserTest","checkout":"2019-03-31","bookingid":11,"lastname":"Mcgovney"}]]>
              </value>
            </param>
          </params>
          <exception class="java.lang.AssertionError">
            <message>
              <![CDATA[the entered booking id does not exist]]>
            </message>
            <full-stacktrace>
              <![CDATA[java.lang.AssertionError: the entered booking id does not exist
at org.testng.Assert.fail(Assert.java:97)
at com.restful.booker.tests.ManageBookingTest.patchBookingTest(ManageBookingTest.java:83)
at java.base/jdk.internal.reflect.NativeMethodAccessorImpl.invoke0(Native Method)
at java.base/jdk.internal.reflect.NativeMethodAccessorImpl.invoke(NativeMethodAccessorImpl.java:62)
at java.base/jdk.internal.reflect.DelegatingMethodAccessorImpl.invoke(DelegatingMethodAccessorImpl.java:43)
at java.base/java.lang.reflect.Method.invoke(Method.java:567)
at org.testng.internal.MethodInvocationHelper.invokeMethod(MethodInvocationHelper.java:133)
at org.testng.internal.TestInvoker.invokeMethod(TestInvoker.java:584)
at org.testng.internal.TestInvoker.invokeTestMethod(TestInvoker.java:172)
at org.testng.internal.MethodRunner.runInSequence(MethodRunner.java:46)
at org.testng.internal.TestInvoker$MethodInvocationAgent.invoke(TestInvoker.java:804)
at org.testng.internal.TestInvoker.invokeTestMethods(TestInvoker.java:145)
at org.testng.internal.TestMethodWorker.invokeTestMethods(TestMethodWorker.java:146)
at org.testng.internal.TestMethodWorker.run(TestMethodWorker.java:128)
at java.base/java.util.ArrayList.forEach(ArrayList.java:1507)
at org.testng.TestRunner.privateRun(TestRunner.java:770)
at org.testng.TestRunner.run(TestRunner.java:591)
at org.testng.SuiteRunner.runTest(SuiteRunner.java:402)
at org.testng.SuiteRunner.runSequentially(SuiteRunner.java:396)
at org.testng.SuiteRunner.privateRun(SuiteRunner.java:355)
at org.testng.SuiteRunner.run(SuiteRunner.java:304)
at org.testng.SuiteRunnerWorker.runSuite(SuiteRunnerWorker.java:53)
at org.testng.SuiteRunnerWorker.run(SuiteRunnerWorker.java:96)
at org.testng.TestNG.runSuitesSequentially(TestNG.java:1180)
at org.testng.TestNG.runSuitesLocally(TestNG.java:1102)
at org.testng.TestNG.runSuites(TestNG.java:1032)
at org.testng.TestNG.run(TestNG.java:1000)
at org.testng.remote.AbstractRemoteTestNG.run(AbstractRemoteTestNG.java:115)
at org.testng.remote.RemoteTestNG.initAndRun(RemoteTestNG.java:251)
at org.testng.remote.RemoteTestNG.main(RemoteTestNG.java:77)
]]>
            </full-stacktrace>
          </exception> <!-- java.lang.AssertionError -->
          <reporter-output>
          </reporter-output>
        </test-method> <!-- patchBookingTest -->
        <test-method signature="patchBookingTest(org.json.simple.JSONObject)[pri:0, instance:com.restful.booker.tests.ManageBookingTest@3829ac1]" started-at="2020-12-28T22:09:36 IST" name="patchBookingTest" data-provider="userProvider" finished-at="2020-12-28T22:09:36 IST" duration-ms="388" status="PASS">
          <params>
            <param index="0">
              <value>
                <![CDATA[{"firstname":"Theresa","additionalneeds":"Dinner","checkin":"2020-04-07","totalprice":700,"depositpaid":false,"testname":"SecondUserTest","checkout":"2020-05-01","bookingid":12,"lastname":"Hesburgh"}]]>
              </value>
            </param>
          </params>
          <reporter-output>
          </reporter-output>
        </test-method> <!-- patchBookingTest -->
        <test-method signature="updateBookingTest(org.json.simple.JSONObject)[pri:0, instance:com.restful.booker.tests.ManageBookingTest@3829ac1]" started-at="2020-12-28T22:09:36 IST" name="updateBookingTest" data-provider="userProvider" finished-at="2020-12-28T22:09:36 IST" duration-ms="382" status="FAIL">
          <params>
            <param index="0">
              <value>
                <![CDATA[{"firstname":"Kevin","additionalneeds":"Lunch","checkin":"2019-01-21","totalprice":200,"depositpaid":true,"testname":"FirstUserTest","checkout":"2019-03-31","bookingid":11,"lastname":"Mcgovney"}]]>
              </value>
            </param>
          </params>
          <exception class="java.lang.AssertionError">
            <message>
              <![CDATA[the entered booking id does not exist]]>
            </message>
            <full-stacktrace>
              <![CDATA[java.lang.AssertionError: the entered booking id does not exist
at org.testng.Assert.fail(Assert.java:97)
at com.restful.booker.tests.ManageBookingTest.updateBookingTest(ManageBookingTest.java:61)
at java.base/jdk.internal.reflect.NativeMethodAccessorImpl.invoke0(Native Method)
at java.base/jdk.internal.reflect.NativeMethodAccessorImpl.invoke(NativeMethodAccessorImpl.java:62)
at java.base/jdk.internal.reflect.DelegatingMethodAccessorImpl.invoke(DelegatingMethodAccessorImpl.java:43)
at java.base/java.lang.reflect.Method.invoke(Method.java:567)
at org.testng.internal.MethodInvocationHelper.invokeMethod(MethodInvocationHelper.java:133)
at org.testng.internal.TestInvoker.invokeMethod(TestInvoker.java:584)
at org.testng.internal.TestInvoker.invokeTestMethod(TestInvoker.java:172)
at org.testng.internal.MethodRunner.runInSequence(MethodRunner.java:46)
at org.testng.internal.TestInvoker$MethodInvocationAgent.invoke(TestInvoker.java:804)
at org.testng.internal.TestInvoker.invokeTestMethods(TestInvoker.java:145)
at org.testng.internal.TestMethodWorker.invokeTestMethods(TestMethodWorker.java:146)
at org.testng.internal.TestMethodWorker.run(TestMethodWorker.java:128)
at java.base/java.util.ArrayList.forEach(ArrayList.java:1507)
at org.testng.TestRunner.privateRun(TestRunner.java:770)
at org.testng.TestRunner.run(TestRunner.java:591)
at org.testng.SuiteRunner.runTest(SuiteRunner.java:402)
at org.testng.SuiteRunner.runSequentially(SuiteRunner.java:396)
at org.testng.SuiteRunner.privateRun(SuiteRunner.java:355)
at org.testng.SuiteRunner.run(SuiteRunner.java:304)
at org.testng.SuiteRunnerWorker.runSuite(SuiteRunnerWorker.java:53)
at org.testng.SuiteRunnerWorker.run(SuiteRunnerWorker.java:96)
at org.testng.TestNG.runSuitesSequentially(TestNG.java:1180)
at org.testng.TestNG.runSuitesLocally(TestNG.java:1102)
at org.testng.TestNG.runSuites(TestNG.java:1032)
at org.testng.TestNG.run(TestNG.java:1000)
at org.testng.remote.AbstractRemoteTestNG.run(AbstractRemoteTestNG.java:115)
at org.testng.remote.RemoteTestNG.initAndRun(RemoteTestNG.java:251)
at org.testng.remote.RemoteTestNG.main(RemoteTestNG.java:77)
]]>
            </full-stacktrace>
          </exception> <!-- java.lang.AssertionError -->
          <reporter-output>
          </reporter-output>
        </test-method> <!-- updateBookingTest -->
        <test-method signature="updateBookingTest(org.json.simple.JSONObject)[pri:0, instance:com.restful.booker.tests.ManageBookingTest@3829ac1]" started-at="2020-12-28T22:09:36 IST" name="updateBookingTest" data-provider="userProvider" finished-at="2020-12-28T22:09:37 IST" duration-ms="383" status="PASS">
          <params>
            <param index="0">
              <value>
                <![CDATA[{"firstname":"Theresa","additionalneeds":"Dinner","checkin":"2020-04-07","totalprice":700,"depositpaid":false,"testname":"SecondUserTest","checkout":"2020-05-01","bookingid":12,"lastname":"Hesburgh"}]]>
              </value>
            </param>
          </params>
          <reporter-output>
          </reporter-output>
        </test-method> <!-- updateBookingTest -->
        <test-method signature="createBookingTest(org.json.simple.JSONObject)[pri:0, instance:com.restful.booker.tests.ManageBookingTest@3829ac1]" started-at="2020-12-28T22:09:37 IST" name="createBookingTest" data-provider="userProvider" finished-at="2020-12-28T22:09:37 IST" duration-ms="428" status="PASS">
          <params>
            <param index="0">
              <value>
                <![CDATA[{"firstname":"Kevin","additionalneeds":"Lunch","checkin":"2019-01-21","totalprice":200,"depositpaid":true,"testname":"FirstUserTest","checkout":"2019-03-31","bookingid":11,"lastname":"Mcgovney"}]]>
              </value>
            </param>
          </params>
          <reporter-output>
          </reporter-output>
        </test-method> <!-- createBookingTest -->
        <test-method signature="createBookingTest(org.json.simple.JSONObject)[pri:0, instance:com.restful.booker.tests.ManageBookingTest@3829ac1]" started-at="2020-12-28T22:09:37 IST" name="createBookingTest" data-provider="userProvider" finished-at="2020-12-28T22:09:38 IST" duration-ms="398" status="PASS">
          <params>
            <param index="0">
              <value>
                <![CDATA[{"firstname":"Theresa","additionalneeds":"Dinner","checkin":"2020-04-07","totalprice":700,"depositpaid":false,"testname":"SecondUserTest","checkout":"2020-05-01","bookingid":12,"lastname":"Hesburgh"}]]>
              </value>
            </param>
          </params>
          <reporter-output>
          </reporter-output>
        </test-method> <!-- createBookingTest -->
        <test-method signature="deleteBookingTest(org.json.simple.JSONObject)[pri:0, instance:com.restful.booker.tests.ManageBookingTest@3829ac1]" started-at="2020-12-28T22:09:38 IST" name="deleteBookingTest" data-provider="userProvider" finished-at="2020-12-28T22:09:38 IST" depends-on-methods="com.restful.booker.tests.ManageBookingTest.updateBookingTest, com.restful.booker.tests.ManageBookingTest.patchBookingTest" duration-ms="0" status="SKIP">
          <exception class="java.lang.Throwable">
            <message>
              <![CDATA[Method ManageBookingTest.deleteBookingTest(org.json.simple.JSONObject)[pri:0, instance:com.restful.booker.tests.ManageBookingTest@3829ac1] depends on not successfully finished methods]]>
            </message>
            <full-stacktrace>
              <![CDATA[java.lang.Throwable: Method ManageBookingTest.deleteBookingTest(org.json.simple.JSONObject)[pri:0, instance:com.restful.booker.tests.ManageBookingTest@3829ac1] depends on not successfully finished methods
at org.testng.internal.TestInvoker.invokeTestMethods(TestInvoker.java:99)
at org.testng.internal.TestMethodWorker.invokeTestMethods(TestMethodWorker.java:146)
at org.testng.internal.TestMethodWorker.run(TestMethodWorker.java:128)
at java.base/java.util.ArrayList.forEach(ArrayList.java:1507)
at org.testng.TestRunner.privateRun(TestRunner.java:770)
at org.testng.TestRunner.run(TestRunner.java:591)
at org.testng.SuiteRunner.runTest(SuiteRunner.java:402)
at org.testng.SuiteRunner.runSequentially(SuiteRunner.java:396)
at org.testng.SuiteRunner.privateRun(SuiteRunner.java:355)
at org.testng.SuiteRunner.run(SuiteRunner.java:304)
at org.testng.SuiteRunnerWorker.runSuite(SuiteRunnerWorker.java:53)
at org.testng.SuiteRunnerWorker.run(SuiteRunnerWorker.java:96)
at org.testng.TestNG.runSuitesSequentially(TestNG.java:1180)
at org.testng.TestNG.runSuitesLocally(TestNG.java:1102)
at org.testng.TestNG.runSuites(TestNG.java:1032)
at org.testng.TestNG.run(TestNG.java:1000)
at org.testng.remote.AbstractRemoteTestNG.run(AbstractRemoteTestNG.java:115)
at org.testng.remote.RemoteTestNG.initAndRun(RemoteTestNG.java:251)
at org.testng.remote.RemoteTestNG.main(RemoteTestNG.java:77)
]]>
            </full-stacktrace>
          </exception> <!-- java.lang.Throwable -->
          <reporter-output>
          </reporter-output>
        </test-method> <!-- deleteBookingTest -->
      </class> <!-- com.restful.booker.tests.ManageBookingTest -->
    </test> <!-- managebooking -->
  </suite> <!-- Suite -->
</testng-results>
